# JRE version: OpenJDK Runtime Environment Corretto-11.0.14.10.1 (11.0.14.1+10) (build 11.0.14.1+10-LTS)
# Java VM: OpenJDK 64-Bit Server VM Corretto-11.0.14.10.1 (11.0.14.1+10-LTS, mixed mode, tiered, compressed oops, g1 gc, linux-amd64)
Heap:
 garbage-first heap   total 126976K, used 25600K [0x00000000c3200000, 0x0000000100000000)
  region size 1024K, 4 young (4096K), 4 survivors (4096K)
 Metaspace       used 20476K, capacity 20856K, committed 21296K, reserved 1069056K
  class space    used 2149K, capacity 2315K, committed 2432K, reserved 1048576K
GC Heap History (17 events):
Event: 1.618 GC heap before
{Heap before GC invocations=0 (full 0):
 garbage-first heap   total 63488K, used 6144K [0x00000000c3200000, 0x0000000100000000)
  region size 1024K, 7 young (7168K), 0 survivors (0K)
 Metaspace       used 9123K, capacity 9353K, committed 9600K, reserved 1058816K
  class space    used 783K, capacity 882K, committed 896K, reserved 1048576K
}
Event: 1.634 GC heap after
{Heap after GC invocations=1 (full 0):
 garbage-first heap   total 63488K, used 2712K [0x00000000c3200000, 0x0000000100000000)
  region size 1024K, 1 young (1024K), 1 survivors (1024K)
 Metaspace       used 9123K, capacity 9353K, committed 9600K, reserved 1058816K
  class space    used 783K, capacity 882K, committed 896K, reserved 1048576K
}
Event: 1.906 GC heap before
{Heap before GC invocations=1 (full 0):
 garbage-first heap   total 63488K, used 3736K [0x00000000c3200000, 0x0000000100000000)
  region size 1024K, 3 young (3072K), 1 survivors (1024K)
 Metaspace       used 9666K, capacity 9903K, committed 10240K, reserved 1058816K
  class space    used 839K, capacity 916K, committed 1024K, reserved 1048576K
}
Event: 1.916 GC heap after
{Heap after GC invocations=2 (full 0):
 garbage-first heap   total 63488K, used 3121K [0x00000000c3200000, 0x0000000100000000)
  region size 1024K, 1 young (1024K), 1 survivors (1024K)
 Metaspace       used 9666K, capacity 9903K, committed 10240K, reserved 1058816K
  class space    used 839K, capacity 916K, committed 1024K, reserved 1048576K
}
Event: 5.330 GC heap before
{Heap before GC invocations=2 (full 0):
 garbage-first heap   total 63488K, used 39985K [0x00000000c3200000, 0x0000000100000000)
  region size 1024K, 37 young (37888K), 1 survivors (1024K)
 Metaspace       used 15579K, capacity 15820K, committed 16128K, reserved 1062912K
  class space    used 1617K, capacity 1716K, committed 1792K, reserved 1048576K
}
Event: 5.358 GC heap after
{Heap after GC invocations=3 (full 0):
 garbage-first heap   total 63488K, used 4408K [0x00000000c3200000, 0x0000000100000000)
  region size 1024K, 2 young (2048K), 2 survivors (2048K)
 Metaspace       used 15579K, capacity 15820K, committed 16128K, reserved 1062912K
  class space    used 1617K, capacity 1716K, committed 1792K, reserved 1048576K
}
Event: 9.779 GC heap before
{Heap before GC invocations=3 (full 0):
 garbage-first heap   total 63488K, used 40248K [0x00000000c3200000, 0x0000000100000000)
  region size 1024K, 37 young (37888K), 2 survivors (2048K)
 Metaspace       used 20018K, capacity 20365K, committed 20736K, reserved 1067008K
  class space    used 2135K, capacity 2280K, committed 2304K, reserved 1048576K
}
Event: 9.907 GC heap after
{Heap after GC invocations=4 (full 0):
 garbage-first heap   total 63488K, used 10415K [0x00000000c3200000, 0x0000000100000000)
  region size 1024K, 5 young (5120K), 5 survivors (5120K)
 Metaspace       used 20018K, capacity 20365K, committed 20736K, reserved 1067008K
  class space    used 2135K, capacity 2280K, committed 2304K, reserved 1048576K
}
Event: 10.225 GC heap before
{Heap before GC invocations=4 (full 0):
 garbage-first heap   total 63488K, used 15535K [0x00000000c3200000, 0x0000000100000000)
  region size 1024K, 10 young (10240K), 5 survivors (5120K)
 Metaspace       used 20093K, capacity 20436K, committed 20736K, reserved 1067008K
  class space    used 2140K, capacity 2282K, committed 2304K, reserved 1048576K
}
Event: 10.292 GC heap after
{Heap after GC invocations=5 (full 0):
 garbage-first heap   total 78848K, used 12451K [0x00000000c3200000, 0x0000000100000000)
  region size 1024K, 2 young (2048K), 2 survivors (2048K)
 Metaspace       used 20093K, capacity 20436K, committed 20736K, reserved 1067008K
  class space    used 2140K, capacity 2282K, committed 2304K, reserved 1048576K
}
Event: 11.776 GC heap before
{Heap before GC invocations=5 (full 0):
 garbage-first heap   total 78848K, used 31907K [0x00000000c3200000, 0x0000000100000000)
  region size 1024K, 21 young (21504K), 2 survivors (2048K)
 Metaspace       used 20284K, capacity 20663K, committed 21120K, reserved 1069056K
  class space    used 2147K, capacity 2315K, committed 2432K, reserved 1048576K
}
Event: 11.912 GC heap after
{Heap after GC invocations=6 (full 0):
 garbage-first heap   total 78848K, used 14336K [0x00000000c3200000, 0x0000000100000000)
  region size 1024K, 3 young (3072K), 3 survivors (3072K)
 Metaspace       used 20284K, capacity 20663K, committed 21120K, reserved 1069056K
  class space    used 2147K, capacity 2315K, committed 2432K, reserved 1048576K
}
Event: 13.775 GC heap before
{Heap before GC invocations=6 (full 0):
 garbage-first heap   total 78848K, used 33792K [0x00000000c3200000, 0x0000000100000000)
  region size 1024K, 22 young (22528K), 3 survivors (3072K)
 Metaspace       used 20469K, capacity 20856K, committed 21296K, reserved 1069056K
  class space    used 2149K, capacity 2315K, committed 2432K, reserved 1048576K
}
Event: 13.859 GC heap after
{Heap after GC invocations=7 (full 0):
 garbage-first heap   total 78848K, used 17276K [0x00000000c3200000, 0x0000000100000000)
  region size 1024K, 3 young (3072K), 3 survivors (3072K)
 Metaspace       used 20469K, capacity 20856K, committed 21296K, reserved 1069056K
  class space    used 2149K, capacity 2315K, committed 2432K, reserved 1048576K
}
Event: 14.390 GC heap before
{Heap before GC invocations=7 (full 0):
 garbage-first heap   total 78848K, used 39804K [0x00000000c3200000, 0x0000000100000000)
  region size 1024K, 25 young (25600K), 3 survivors (3072K)
 Metaspace       used 20476K, capacity 20856K, committed 21296K, reserved 1069056K
  class space    used 2149K, capacity 2315K, committed 2432K, reserved 1048576K
}
Event: 14.525 GC heap after
{Heap after GC invocations=8 (full 0):
 garbage-first heap   total 78848K, used 21478K [0x00000000c3200000, 0x0000000100000000)
  region size 1024K, 4 young (4096K), 4 survivors (4096K)
 Metaspace       used 20476K, capacity 20856K, committed 21296K, reserved 1069056K
  class space    used 2149K, capacity 2315K, committed 2432K, reserved 1048576K
}
Event: 15.053 GC heap before
{Heap before GC invocations=8 (full 0):
 garbage-first heap   total 78848K, used 44006K [0x00000000c3200000, 0x0000000100000000)
  region size 1024K, 26 young (26624K), 4 survivors (4096K)
 Metaspace       used 20476K, capacity 20856K, committed 21296K, reserved 1069056K
  class space    used 2149K, capacity 2315K, committed 2432K, reserved 1048576K
}

